SF:lib/src/chewie_factory.dart
DA:10,1
DA:20,2
DA:22,4
DA:24,1
DA:26,2
DA:30,1
DA:31,1
DA:32,1
DA:33,1
DA:39,1
DA:41,2
DA:42,1
DA:43,3
DA:46,1
LF:14
LH:14
end_of_record
SF:lib/src/video_player/video_player.dart
DA:50,1
DA:61,1
DA:63,1
DA:64,1
DA:72,1
DA:73,5
DA:75,1
DA:77,1
DA:78,1
DA:81,1
DA:83,2
DA:84,2
DA:85,1
DA:88,1
DA:90,3
DA:91,3
DA:93,2
DA:96,1
DA:97,2
DA:98,1
DA:99,2
DA:101,3
DA:104,1
DA:106,2
DA:108,2
DA:112,1
DA:118,1
DA:119,4
DA:121,2
DA:123,3
DA:127,1
DA:128,3
DA:129,2
DA:130,2
DA:131,1
DA:132,2
LF:36
LH:36
end_of_record
SF:lib/src/internal/tag_video.dart
DA:26,1
DA:27,2
DA:28,1
DA:29,1
DA:33,1
DA:34,1
DA:35,2
DA:36,4
DA:38,1
DA:39,3
DA:42,2
DA:45,1
DA:46,2
DA:47,2
DA:54,2
DA:57,1
DA:58,2
DA:60,3
DA:61,2
DA:62,1
DA:63,2
DA:64,1
DA:65,1
DA:66,1
DA:67,1
DA:68,3
DA:69,1
LF:27
LH:27
end_of_record
